<?xml version="1.0" encoding="UTF-8"?>
<!-- Generated by org.testng.reporters.JUnitReportReporter -->
<testsuite skipped="0" hostname="LPCD-27V8S93" name="com.app.testcases.ProfilePageTest" tests="1" failures="0" timestamp="2022-06-20T16:42:13 IST" time="0.017" errors="0">
  <testcase name="verifyProfilePageTitle" time="0.017" classname="com.app.testcases.ProfilePageTest"/>
  <system-out/>
</testsuite> <!-- com.app.testcases.ProfilePageTest -->
