<?xml version="1.0" encoding="UTF-8"?>
<!-- Generated by org.testng.reporters.JUnitReportReporter -->
<testsuite skipped="0" hostname="LPCD-27V8S93" name="com.app.testcases.OneNeuronPageTest" tests="3" failures="0" timestamp="2022-06-20T16:42:13 IST" time="10.230" errors="0">
  <testcase name="validateloginclick" time="2.787" classname="com.app.testcases.OneNeuronPageTest"/>
  <system-out/>
  <testcase name="verifyClickOneNeuron" time="3.654" classname="com.app.testcases.OneNeuronPageTest"/>
  <system-out/>
  <testcase name="verifygetOneNeuronHeading" time="3.789" classname="com.app.testcases.OneNeuronPageTest"/>
  <system-out/>
</testsuite> <!-- com.app.testcases.OneNeuronPageTest -->
