<?xml version="1.0" encoding="UTF-8"?>
<!-- Generated by org.testng.reporters.JUnitReportReporter -->
<testsuite skipped="0" hostname="LPCD-27V8S93" name="com.app.testcases.HomePageTest" tests="7" failures="0" timestamp="2022-06-20T16:44:25 IST" time="9.048" errors="0">
  <testcase name="validateloginclick" time="3.054" classname="com.app.testcases.HomePageTest"/>
  <system-out/>
  <testcase name="verifyHomePageTitle" time="0.073" classname="com.app.testcases.HomePageTest"/>
  <system-out/>
  <testcase name="VerifygetnameOfUser" time="4.346" classname="com.app.testcases.HomePageTest"/>
  <system-out/>
  <testcase name="verifyClickOnCoursesDropdown" time="0.345" classname="com.app.testcases.HomePageTest"/>
  <system-out/>
  <testcase name="verifySearchBoxFunctionality" time="0.218" classname="com.app.testcases.HomePageTest"/>
  <system-out/>
  <testcase name="verifyClickOneNeuron" time="0.086" classname="com.app.testcases.HomePageTest"/>
  <system-out/>
  <testcase name="VerifyClickOnProfile" time="0.926" classname="com.app.testcases.HomePageTest"/>
  <system-out/>
</testsuite> <!-- com.app.testcases.HomePageTest -->
