<?xml version="1.0" encoding="UTF-8"?>
<!-- Generated by org.testng.reporters.JUnitReportReporter -->
<testsuite skipped="0" hostname="LPCD-27V8S93" name="com.app.testcases.LoginPageTest" tests="3" failures="0" timestamp="2022-06-20T16:42:13 IST" time="5.637" errors="0">
  <testcase name="validateloginpagetitle" time="0.030" classname="com.app.testcases.LoginPageTest"/>
  <system-out/>
  <testcase name="validateloginclick" time="5.212" classname="com.app.testcases.LoginPageTest"/>
  <system-out/>
  <testcase name="validatelogin" time="0.395" classname="com.app.testcases.LoginPageTest"/>
  <system-out/>
</testsuite> <!-- com.app.testcases.LoginPageTest -->
